<?xml version="1.0" encoding="UTF-8"?>
<testng-results skipped="0" failed="0" ignored="1" total="1" passed="0">
  <reporter-output>
  </reporter-output>
  <suite name="SuiteTesst-ML-Abstracta" duration-ms="5" started-at="2020-03-11T01:54:05Z" finished-at="2020-03-11T01:54:05Z">
    <groups>
    </groups>
    <test name="Test in Chrome" duration-ms="5" started-at="2020-03-11T01:54:05Z" finished-at="2020-03-11T01:54:05Z">
      <class name="Tests.TestCaseNavigate">
        <test-method status="PASS" signature="setupSuite(java.lang.String)[pri:0, instance:Tests.TestCaseNavigate@2d6eabae]" name="setupSuite" is-config="true" duration-ms="12594" started-at="2020-03-11T01:53:52Z" finished-at="2020-03-11T01:54:05Z">
          <params>
            <param index="0">
              <value>
                <![CDATA[chrome]]>
              </value>
            </param>
          </params>
          <reporter-output>
          </reporter-output>
        </test-method> <!-- setupSuite -->
        <test-method status="PASS" signature="teardownTest()[pri:0, instance:Tests.TestCaseNavigate@2d6eabae]" name="teardownTest" is-config="true" duration-ms="767" started-at="2020-03-11T01:54:05Z" finished-at="2020-03-11T01:54:06Z">
          <reporter-output>
          </reporter-output>
        </test-method> <!-- teardownTest -->
      </class> <!-- Tests.TestCaseNavigate -->
    </test> <!-- Test in Chrome -->
  </suite> <!-- SuiteTesst-ML-Abstracta -->
</testng-results>
